[    1208ms] [WARNING] No `HydrateFallback` element provided to render during initial hydration @ https://app.lexware-sandbox.de/service/agora/544/addons/assets/index-Bj4yFFpy.js:185
[    1453ms] [ERROR] Failed to load resource: the server responded with a status of 500 () @ https://app.lexware-sandbox.de/bnk/lexbankhub-rest/privilege-management/v100/privilege?t_=1781995096149:0
[    1459ms] [ERROR] Failed to load resource: the server responded with a status of 500 () @ https://app.lexware-sandbox.de/rdrk-rest/privilegeservice/v100/privilege?t_=1781995096149:0
[    1461ms] [ERROR] Failed to load resource: the server responded with a status of 500 () @ https://app.lexware-sandbox.de/freebies/medusa-rest/privilege-management/v100/privilege?t_=1781995096149:0
[    1463ms] [LOG] 


  _____ _______ ____  _____  
 / ____|__   __/ __ \|  __ \ 
| (___    | | | |  | | |__) |
 \___ \   | | | |  | |  ___/ 
 ____) |  | | | |__| | |     
|_____/   |_|  \____/|_| 

Fügen Sie nie Text aus unbekannten Quellen in diese Konsole ein!
Es kann dazu führen, dass Fremde Zugriff auf Ihren Account erlangen.


 @ https://app.lexware-sandbox.de/cockpit-components/lx-cockpit-components/p-b535e7dd.entry.js:0
[    1465ms] [ERROR] Failed to load resource: the server responded with a status of 500 () @ https://app.lexware-sandbox.de/karma/karma-rest/privilege-management/v1/privileges?t_=1781995096149:0
[    1466ms] [ERROR] Failed to load resource: the server responded with a status of 500 () @ https://app.lexware-sandbox.de/hive-rest/privilege-management/v100/privilege?t_=1781995096149:0
[    1468ms] [ERROR] Failed to load resource: the server responded with a status of 500 () @ https://app.lexware-sandbox.de/inbox-rest/privilege/v1?t_=1781995096149:0
[    1468ms] [ERROR] Failed to load resource: the server responded with a status of 500 () @ https://app.lexware-sandbox.de/kim/pixie-rest/privilege-management/v100/privilege?t_=1781995096149:0
[    1469ms] [ERROR] Failed to load resource: the server responded with a status of 500 () @ https://app.lexware-sandbox.de/genai/genai-rest/privilege-management/v100/privilege?t_=1781995096149:0
[    1470ms] [ERROR] Failed to load resource: the server responded with a status of 500 () @ https://app.lexware-sandbox.de/delphi/delphi-rest/privilege-management/v100/privilege?t_=1781995096149:0
[    1470ms] [ERROR] Failed to load resource: the server responded with a status of 500 () @ https://app.lexware-sandbox.de/ordex/ordex-rest/privileges?t_=1781995096149:0
[    1476ms] [ERROR] Failed to load resource: the server responded with a status of 500 () @ https://app.lexware-sandbox.de/artemis/artemis-rest/supportaccessticketservice/v100/supportaccessticket:0
[    1522ms] [ERROR] Failed to load resource: the server responded with a status of 403 () @ https://api-iam.intercom.io/messenger/web/ping:0
[    1549ms] [ERROR] Failed to load resource: the server responded with a status of 403 () @ https://api-iam.intercom.io/messenger/web/launcher_settings:0
[ 8810801ms] [WARNING] Deprecation warning: use moment.updateLocale(localeName, config) to change an existing locale. moment.defineLocale(localeName, config) should only be used for creating a new locale See http://momentjs.com/guides/#/warnings/define-locale/ for more info. @ https://app.lexware-sandbox.de/grld/js/deps.js?v=0874a5f4cff:0
[ 8810813ms] [WARNING] lxMainNavBarService: Function setMainNavBarService() is deprecated! Use setItemProviderService() instead. @ https://app.lexware-sandbox.de/grld/js/deps.js?v=0874a5f4cff:0
[ 8810826ms] [WARNING] $modal is now deprecated. Use $uibModal instead. @ https://app.lexware-sandbox.de/grld/js/deps.js?v=0874a5f4cff:0
[ 8810882ms] [WARNING] The deprecated google analytics service was called. No google analytics script tag will be injected. @ https://app.lexware-sandbox.de/grld/js/deps.js?v=0874a5f4cff:0
[ 8810936ms] [ERROR] Failed to load resource: the server responded with a status of 500 () @ https://app.lexware-sandbox.de/rdrk-rest/privilegeservice/v100/privilege:0
[ 8810940ms] [ERROR] Failed to load resource: the server responded with a status of 500 () @ https://app.lexware-sandbox.de/freebies/medusa-rest/privilege-management/v100/privilege:0
[ 8811064ms] [WARNING] $tooltip is now deprecated. Use $uibTooltip instead. @ https://app.lexware-sandbox.de/grld/js/deps.js?v=0874a5f4cff:0
[ 8811116ms] [WARNING] DropdownController is now deprecated. Use UibDropdownController instead. @ https://app.lexware-sandbox.de/grld/js/deps.js?v=0874a5f4cff:0
[ 8811116ms] [WARNING] dropdown-toggle is now deprecated. Use uib-dropdown-toggle instead. @ https://app.lexware-sandbox.de/grld/js/deps.js?v=0874a5f4cff:0
[ 8811117ms] [WARNING] dropdown-menu is now deprecated. Use uib-dropdown-menu instead. @ https://app.lexware-sandbox.de/grld/js/deps.js?v=0874a5f4cff:0
[ 8811117ms] [WARNING] dropdown is now deprecated. Use uib-dropdown instead. @ https://app.lexware-sandbox.de/grld/js/deps.js?v=0874a5f4cff:0
[ 8811117ms] [WARNING] DropdownController is now deprecated. Use UibDropdownController instead. @ https://app.lexware-sandbox.de/grld/js/deps.js?v=0874a5f4cff:0
[ 8811117ms] [WARNING] dropdown-toggle is now deprecated. Use uib-dropdown-toggle instead. @ https://app.lexware-sandbox.de/grld/js/deps.js?v=0874a5f4cff:0
[ 8811117ms] [WARNING] dropdown-menu is now deprecated. Use uib-dropdown-menu instead. @ https://app.lexware-sandbox.de/grld/js/deps.js?v=0874a5f4cff:0
[ 8811117ms] [WARNING] dropdown is now deprecated. Use uib-dropdown instead. @ https://app.lexware-sandbox.de/grld/js/deps.js?v=0874a5f4cff:0
[ 8811117ms] [WARNING] DropdownController is now deprecated. Use UibDropdownController instead. @ https://app.lexware-sandbox.de/grld/js/deps.js?v=0874a5f4cff:0
[ 8811117ms] [WARNING] dropdown-toggle is now deprecated. Use uib-dropdown-toggle instead. @ https://app.lexware-sandbox.de/grld/js/deps.js?v=0874a5f4cff:0
[ 8811117ms] [WARNING] dropdown-menu is now deprecated. Use uib-dropdown-menu instead. @ https://app.lexware-sandbox.de/grld/js/deps.js?v=0874a5f4cff:0
[ 8811117ms] [WARNING] dropdown is now deprecated. Use uib-dropdown instead. @ https://app.lexware-sandbox.de/grld/js/deps.js?v=0874a5f4cff:0
[ 8811117ms] [WARNING] DropdownController is now deprecated. Use UibDropdownController instead. @ https://app.lexware-sandbox.de/grld/js/deps.js?v=0874a5f4cff:0
[ 8811117ms] [WARNING] dropdown-toggle is now deprecated. Use uib-dropdown-toggle instead. @ https://app.lexware-sandbox.de/grld/js/deps.js?v=0874a5f4cff:0
[ 8811117ms] [WARNING] dropdown-menu is now deprecated. Use uib-dropdown-menu instead. @ https://app.lexware-sandbox.de/grld/js/deps.js?v=0874a5f4cff:0
[ 8811117ms] [WARNING] dropdown is now deprecated. Use uib-dropdown instead. @ https://app.lexware-sandbox.de/grld/js/deps.js?v=0874a5f4cff:0
[ 8811117ms] [WARNING] DropdownController is now deprecated. Use UibDropdownController instead. @ https://app.lexware-sandbox.de/grld/js/deps.js?v=0874a5f4cff:0
[ 8811117ms] [WARNING] dropdown-toggle is now deprecated. Use uib-dropdown-toggle instead. @ https://app.lexware-sandbox.de/grld/js/deps.js?v=0874a5f4cff:0
[ 8811117ms] [WARNING] dropdown-menu is now deprecated. Use uib-dropdown-menu instead. @ https://app.lexware-sandbox.de/grld/js/deps.js?v=0874a5f4cff:0
[ 8811117ms] [WARNING] dropdown is now deprecated. Use uib-dropdown instead. @ https://app.lexware-sandbox.de/grld/js/deps.js?v=0874a5f4cff:0
[ 8811118ms] [WARNING] DropdownController is now deprecated. Use UibDropdownController instead. @ https://app.lexware-sandbox.de/grld/js/deps.js?v=0874a5f4cff:0
[ 8811118ms] [WARNING] dropdown-toggle is now deprecated. Use uib-dropdown-toggle instead. @ https://app.lexware-sandbox.de/grld/js/deps.js?v=0874a5f4cff:0
[ 8811118ms] [WARNING] dropdown-menu is now deprecated. Use uib-dropdown-menu instead. @ https://app.lexware-sandbox.de/grld/js/deps.js?v=0874a5f4cff:0
[ 8811118ms] [WARNING] dropdown is now deprecated. Use uib-dropdown instead. @ https://app.lexware-sandbox.de/grld/js/deps.js?v=0874a5f4cff:0
[ 8811152ms] [ERROR] Failed to load resource: the server responded with a status of 500 () @ https://app.lexware-sandbox.de/artemis/artemis-rest/supportaccessticketservice/v100/supportaccessticket:0
[ 8811176ms] [LOG] 


  _____ _______ ____  _____  
 / ____|__   __/ __ \|  __ \ 
| (___    | | | |  | | |__) |
 \___ \   | | | |  | |  ___/ 
 ____) |  | | | |__| | |     
|_____/   |_|  \____/|_| 

Fügen Sie nie Text aus unbekannten Quellen in diese Konsole ein!
Es kann dazu führen, dass Fremde Zugriff auf Ihren Account erlangen.


 @ https://app.lexware-sandbox.de/cockpit-components/lx-cockpit-components/p-b535e7dd.entry.js:0
[ 8811254ms] [ERROR] Failed to load resource: the server responded with a status of 500 () @ https://app.lexware-sandbox.de/freebies/medusa-rest/privilege-management/v100/privilege?t_=1782003905962:0
[ 8811255ms] [ERROR] Failed to load resource: the server responded with a status of 500 () @ https://app.lexware-sandbox.de/rdrk-rest/privilegeservice/v100/privilege?t_=1782003905962:0
[ 8811269ms] [ERROR] Failed to load resource: the server responded with a status of 500 () @ https://app.lexware-sandbox.de/hive-rest/privilege-management/v100/privilege?t_=1782003905962:0
[ 8811269ms] [ERROR] Failed to load resource: the server responded with a status of 500 () @ https://app.lexware-sandbox.de/karma/karma-rest/privilege-management/v1/privileges?t_=1782003905962:0
[ 8811269ms] [ERROR] Failed to load resource: the server responded with a status of 500 () @ https://app.lexware-sandbox.de/inbox-rest/privilege/v1?t_=1782003905962:0
[ 8811269ms] [ERROR] Failed to load resource: the server responded with a status of 500 () @ https://app.lexware-sandbox.de/kim/pixie-rest/privilege-management/v100/privilege?t_=1782003905962:0
[ 8811269ms] [ERROR] Failed to load resource: the server responded with a status of 500 () @ https://app.lexware-sandbox.de/genai/genai-rest/privilege-management/v100/privilege?t_=1782003905962:0
[ 8811272ms] [ERROR] Failed to load resource: the server responded with a status of 500 () @ https://app.lexware-sandbox.de/bnk/lexbankhub-rest/privilege-management/v100/privilege?t_=1782003905962:0
[ 8811272ms] [ERROR] Failed to load resource: the server responded with a status of 500 () @ https://app.lexware-sandbox.de/ordex/ordex-rest/privileges?t_=1782003905962:0
[ 8811272ms] [ERROR] Failed to load resource: the server responded with a status of 500 () @ https://app.lexware-sandbox.de/delphi/delphi-rest/privilege-management/v100/privilege?t_=1782003905962:0
[ 8812390ms] [ERROR] Failed to load resource: the server responded with a status of 403 () @ https://api-iam.intercom.io/messenger/web/ping:0
[ 8812391ms] [ERROR] Failed to load resource: the server responded with a status of 403 () @ https://api-iam.intercom.io/messenger/web/launcher_settings:0
[ 8812415ms] [WARNING] DropdownController is now deprecated. Use UibDropdownController instead. @ https://app.lexware-sandbox.de/grld/js/deps.js?v=0874a5f4cff:0
[ 8812415ms] [WARNING] dropdown-toggle is now deprecated. Use uib-dropdown-toggle instead. @ https://app.lexware-sandbox.de/grld/js/deps.js?v=0874a5f4cff:0
[ 8812415ms] [WARNING] dropdown-menu is now deprecated. Use uib-dropdown-menu instead. @ https://app.lexware-sandbox.de/grld/js/deps.js?v=0874a5f4cff:0
[ 8812415ms] [WARNING] dropdown is now deprecated. Use uib-dropdown instead. @ https://app.lexware-sandbox.de/grld/js/deps.js?v=0874a5f4cff:0
[ 8812415ms] [WARNING] DropdownController is now deprecated. Use UibDropdownController instead. @ https://app.lexware-sandbox.de/grld/js/deps.js?v=0874a5f4cff:0
[ 8812415ms] [WARNING] dropdown-toggle is now deprecated. Use uib-dropdown-toggle instead. @ https://app.lexware-sandbox.de/grld/js/deps.js?v=0874a5f4cff:0
[ 8812415ms] [WARNING] dropdown-menu is now deprecated. Use uib-dropdown-menu instead. @ https://app.lexware-sandbox.de/grld/js/deps.js?v=0874a5f4cff:0
[ 8812415ms] [WARNING] dropdown is now deprecated. Use uib-dropdown instead. @ https://app.lexware-sandbox.de/grld/js/deps.js?v=0874a5f4cff:0
[ 8812415ms] [WARNING] DropdownController is now deprecated. Use UibDropdownController instead. @ https://app.lexware-sandbox.de/grld/js/deps.js?v=0874a5f4cff:0
[ 8812415ms] [WARNING] dropdown-toggle is now deprecated. Use uib-dropdown-toggle instead. @ https://app.lexware-sandbox.de/grld/js/deps.js?v=0874a5f4cff:0
[ 8812416ms] [WARNING] dropdown-menu is now deprecated. Use uib-dropdown-menu instead. @ https://app.lexware-sandbox.de/grld/js/deps.js?v=0874a5f4cff:0
[ 8812416ms] [WARNING] dropdown is now deprecated. Use uib-dropdown instead. @ https://app.lexware-sandbox.de/grld/js/deps.js?v=0874a5f4cff:0
[ 8812416ms] [WARNING] DropdownController is now deprecated. Use UibDropdownController instead. @ https://app.lexware-sandbox.de/grld/js/deps.js?v=0874a5f4cff:0
[ 8812416ms] [WARNING] dropdown-toggle is now deprecated. Use uib-dropdown-toggle instead. @ https://app.lexware-sandbox.de/grld/js/deps.js?v=0874a5f4cff:0
[ 8812416ms] [WARNING] dropdown-menu is now deprecated. Use uib-dropdown-menu instead. @ https://app.lexware-sandbox.de/grld/js/deps.js?v=0874a5f4cff:0
[ 8812416ms] [WARNING] dropdown is now deprecated. Use uib-dropdown instead. @ https://app.lexware-sandbox.de/grld/js/deps.js?v=0874a5f4cff:0
[ 8812416ms] [WARNING] DropdownController is now deprecated. Use UibDropdownController instead. @ https://app.lexware-sandbox.de/grld/js/deps.js?v=0874a5f4cff:0
[ 8812416ms] [WARNING] dropdown-toggle is now deprecated. Use uib-dropdown-toggle instead. @ https://app.lexware-sandbox.de/grld/js/deps.js?v=0874a5f4cff:0
[ 8812416ms] [WARNING] dropdown-menu is now deprecated. Use uib-dropdown-menu instead. @ https://app.lexware-sandbox.de/grld/js/deps.js?v=0874a5f4cff:0
[ 8812416ms] [WARNING] dropdown is now deprecated. Use uib-dropdown instead. @ https://app.lexware-sandbox.de/grld/js/deps.js?v=0874a5f4cff:0
[ 8813312ms] [WARNING] DropdownController is now deprecated. Use UibDropdownController instead. @ https://app.lexware-sandbox.de/grld/js/deps.js?v=0874a5f4cff:0
[ 8813313ms] [WARNING] dropdown-toggle is now deprecated. Use uib-dropdown-toggle instead. @ https://app.lexware-sandbox.de/grld/js/deps.js?v=0874a5f4cff:0
[ 8813313ms] [WARNING] dropdown-menu is now deprecated. Use uib-dropdown-menu instead. @ https://app.lexware-sandbox.de/grld/js/deps.js?v=0874a5f4cff:0
[ 8813313ms] [WARNING] dropdown is now deprecated. Use uib-dropdown instead. @ https://app.lexware-sandbox.de/grld/js/deps.js?v=0874a5f4cff:0
[ 8813313ms] [WARNING] DropdownController is now deprecated. Use UibDropdownController instead. @ https://app.lexware-sandbox.de/grld/js/deps.js?v=0874a5f4cff:0
[ 8813313ms] [WARNING] dropdown-toggle is now deprecated. Use uib-dropdown-toggle instead. @ https://app.lexware-sandbox.de/grld/js/deps.js?v=0874a5f4cff:0
[ 8813313ms] [WARNING] dropdown-menu is now deprecated. Use uib-dropdown-menu instead. @ https://app.lexware-sandbox.de/grld/js/deps.js?v=0874a5f4cff:0
[ 8813313ms] [WARNING] dropdown is now deprecated. Use uib-dropdown instead. @ https://app.lexware-sandbox.de/grld/js/deps.js?v=0874a5f4cff:0
[ 8813313ms] [WARNING] DropdownController is now deprecated. Use UibDropdownController instead. @ https://app.lexware-sandbox.de/grld/js/deps.js?v=0874a5f4cff:0
[ 8813313ms] [WARNING] dropdown-toggle is now deprecated. Use uib-dropdown-toggle instead. @ https://app.lexware-sandbox.de/grld/js/deps.js?v=0874a5f4cff:0
[ 8813313ms] [WARNING] dropdown-menu is now deprecated. Use uib-dropdown-menu instead. @ https://app.lexware-sandbox.de/grld/js/deps.js?v=0874a5f4cff:0
[ 8813313ms] [WARNING] dropdown is now deprecated. Use uib-dropdown instead. @ https://app.lexware-sandbox.de/grld/js/deps.js?v=0874a5f4cff:0
[ 8813313ms] [WARNING] DropdownController is now deprecated. Use UibDropdownController instead. @ https://app.lexware-sandbox.de/grld/js/deps.js?v=0874a5f4cff:0
[ 8813313ms] [WARNING] dropdown-toggle is now deprecated. Use uib-dropdown-toggle instead. @ https://app.lexware-sandbox.de/grld/js/deps.js?v=0874a5f4cff:0
[ 8813313ms] [WARNING] dropdown-menu is now deprecated. Use uib-dropdown-menu instead. @ https://app.lexware-sandbox.de/grld/js/deps.js?v=0874a5f4cff:0
[ 8813313ms] [WARNING] dropdown is now deprecated. Use uib-dropdown instead. @ https://app.lexware-sandbox.de/grld/js/deps.js?v=0874a5f4cff:0
[ 8813313ms] [WARNING] DropdownController is now deprecated. Use UibDropdownController instead. @ https://app.lexware-sandbox.de/grld/js/deps.js?v=0874a5f4cff:0
[ 8813313ms] [WARNING] dropdown-toggle is now deprecated. Use uib-dropdown-toggle instead. @ https://app.lexware-sandbox.de/grld/js/deps.js?v=0874a5f4cff:0
[ 8813314ms] [WARNING] dropdown-menu is now deprecated. Use uib-dropdown-menu instead. @ https://app.lexware-sandbox.de/grld/js/deps.js?v=0874a5f4cff:0
[ 8813314ms] [WARNING] dropdown is now deprecated. Use uib-dropdown instead. @ https://app.lexware-sandbox.de/grld/js/deps.js?v=0874a5f4cff:0
[ 8813314ms] [WARNING] DropdownController is now deprecated. Use UibDropdownController instead. @ https://app.lexware-sandbox.de/grld/js/deps.js?v=0874a5f4cff:0
[ 8813314ms] [WARNING] dropdown-toggle is now deprecated. Use uib-dropdown-toggle instead. @ https://app.lexware-sandbox.de/grld/js/deps.js?v=0874a5f4cff:0
[ 8813314ms] [WARNING] dropdown-menu is now deprecated. Use uib-dropdown-menu instead. @ https://app.lexware-sandbox.de/grld/js/deps.js?v=0874a5f4cff:0
[ 8813314ms] [WARNING] dropdown is now deprecated. Use uib-dropdown instead. @ https://app.lexware-sandbox.de/grld/js/deps.js?v=0874a5f4cff:0
[ 8814064ms] [WARNING] DropdownController is now deprecated. Use UibDropdownController instead. @ https://app.lexware-sandbox.de/grld/js/deps.js?v=0874a5f4cff:0
[ 8814064ms] [WARNING] dropdown-toggle is now deprecated. Use uib-dropdown-toggle instead. @ https://app.lexware-sandbox.de/grld/js/deps.js?v=0874a5f4cff:0
[ 8814064ms] [WARNING] dropdown-menu is now deprecated. Use uib-dropdown-menu instead. @ https://app.lexware-sandbox.de/grld/js/deps.js?v=0874a5f4cff:0
[ 8814064ms] [WARNING] dropdown is now deprecated. Use uib-dropdown instead. @ https://app.lexware-sandbox.de/grld/js/deps.js?v=0874a5f4cff:0
[ 8814065ms] [WARNING] DropdownController is now deprecated. Use UibDropdownController instead. @ https://app.lexware-sandbox.de/grld/js/deps.js?v=0874a5f4cff:0
[ 8814065ms] [WARNING] dropdown-toggle is now deprecated. Use uib-dropdown-toggle instead. @ https://app.lexware-sandbox.de/grld/js/deps.js?v=0874a5f4cff:0
[ 8814065ms] [WARNING] dropdown-menu is now deprecated. Use uib-dropdown-menu instead. @ https://app.lexware-sandbox.de/grld/js/deps.js?v=0874a5f4cff:0
[ 8814065ms] [WARNING] dropdown is now deprecated. Use uib-dropdown instead. @ https://app.lexware-sandbox.de/grld/js/deps.js?v=0874a5f4cff:0
[ 8814066ms] [WARNING] DropdownController is now deprecated. Use UibDropdownController instead. @ https://app.lexware-sandbox.de/grld/js/deps.js?v=0874a5f4cff:0
[ 8814066ms] [WARNING] dropdown-toggle is now deprecated. Use uib-dropdown-toggle instead. @ https://app.lexware-sandbox.de/grld/js/deps.js?v=0874a5f4cff:0
[ 8814066ms] [WARNING] dropdown-menu is now deprecated. Use uib-dropdown-menu instead. @ https://app.lexware-sandbox.de/grld/js/deps.js?v=0874a5f4cff:0
[ 8814066ms] [WARNING] dropdown is now deprecated. Use uib-dropdown instead. @ https://app.lexware-sandbox.de/grld/js/deps.js?v=0874a5f4cff:0
[ 8814067ms] [WARNING] DropdownController is now deprecated. Use UibDropdownController instead. @ https://app.lexware-sandbox.de/grld/js/deps.js?v=0874a5f4cff:0
[ 8814067ms] [WARNING] dropdown-toggle is now deprecated. Use uib-dropdown-toggle instead. @ https://app.lexware-sandbox.de/grld/js/deps.js?v=0874a5f4cff:0
[ 8814067ms] [WARNING] dropdown-menu is now deprecated. Use uib-dropdown-menu instead. @ https://app.lexware-sandbox.de/grld/js/deps.js?v=0874a5f4cff:0
[ 8814067ms] [WARNING] dropdown is now deprecated. Use uib-dropdown instead. @ https://app.lexware-sandbox.de/grld/js/deps.js?v=0874a5f4cff:0
[ 8814067ms] [WARNING] DropdownController is now deprecated. Use UibDropdownController instead. @ https://app.lexware-sandbox.de/grld/js/deps.js?v=0874a5f4cff:0
[ 8814068ms] [WARNING] dropdown-toggle is now deprecated. Use uib-dropdown-toggle instead. @ https://app.lexware-sandbox.de/grld/js/deps.js?v=0874a5f4cff:0
[ 8814068ms] [WARNING] dropdown-menu is now deprecated. Use uib-dropdown-menu instead. @ https://app.lexware-sandbox.de/grld/js/deps.js?v=0874a5f4cff:0
[ 8814068ms] [WARNING] dropdown is now deprecated. Use uib-dropdown instead. @ https://app.lexware-sandbox.de/grld/js/deps.js?v=0874a5f4cff:0
[ 8817467ms] [WARNING] DropdownController is now deprecated. Use UibDropdownController instead. @ https://app.lexware-sandbox.de/grld/js/deps.js?v=0874a5f4cff:0
[ 8817467ms] [WARNING] dropdown-toggle is now deprecated. Use uib-dropdown-toggle instead. @ https://app.lexware-sandbox.de/grld/js/deps.js?v=0874a5f4cff:0
[ 8817467ms] [WARNING] dropdown-menu is now deprecated. Use uib-dropdown-menu instead. @ https://app.lexware-sandbox.de/grld/js/deps.js?v=0874a5f4cff:0
[ 8817467ms] [WARNING] dropdown is now deprecated. Use uib-dropdown instead. @ https://app.lexware-sandbox.de/grld/js/deps.js?v=0874a5f4cff:0
[ 8817467ms] [WARNING] DropdownController is now deprecated. Use UibDropdownController instead. @ https://app.lexware-sandbox.de/grld/js/deps.js?v=0874a5f4cff:0
[ 8817467ms] [WARNING] dropdown-toggle is now deprecated. Use uib-dropdown-toggle instead. @ https://app.lexware-sandbox.de/grld/js/deps.js?v=0874a5f4cff:0
[ 8817467ms] [WARNING] dropdown-menu is now deprecated. Use uib-dropdown-menu instead. @ https://app.lexware-sandbox.de/grld/js/deps.js?v=0874a5f4cff:0
[ 8817467ms] [WARNING] dropdown is now deprecated. Use uib-dropdown instead. @ https://app.lexware-sandbox.de/grld/js/deps.js?v=0874a5f4cff:0
[ 8817467ms] [WARNING] DropdownController is now deprecated. Use UibDropdownController instead. @ https://app.lexware-sandbox.de/grld/js/deps.js?v=0874a5f4cff:0
[ 8817467ms] [WARNING] dropdown-toggle is now deprecated. Use uib-dropdown-toggle instead. @ https://app.lexware-sandbox.de/grld/js/deps.js?v=0874a5f4cff:0
[ 8817467ms] [WARNING] dropdown-menu is now deprecated. Use uib-dropdown-menu instead. @ https://app.lexware-sandbox.de/grld/js/deps.js?v=0874a5f4cff:0
[ 8817467ms] [WARNING] dropdown is now deprecated. Use uib-dropdown instead. @ https://app.lexware-sandbox.de/grld/js/deps.js?v=0874a5f4cff:0
[ 8817467ms] [WARNING] DropdownController is now deprecated. Use UibDropdownController instead. @ https://app.lexware-sandbox.de/grld/js/deps.js?v=0874a5f4cff:0
[ 8817467ms] [WARNING] dropdown-toggle is now deprecated. Use uib-dropdown-toggle instead. @ https://app.lexware-sandbox.de/grld/js/deps.js?v=0874a5f4cff:0
[ 8817467ms] [WARNING] dropdown-menu is now deprecated. Use uib-dropdown-menu instead. @ https://app.lexware-sandbox.de/grld/js/deps.js?v=0874a5f4cff:0
[ 8817467ms] [WARNING] dropdown is now deprecated. Use uib-dropdown instead. @ https://app.lexware-sandbox.de/grld/js/deps.js?v=0874a5f4cff:0
[ 8817467ms] [WARNING] DropdownController is now deprecated. Use UibDropdownController instead. @ https://app.lexware-sandbox.de/grld/js/deps.js?v=0874a5f4cff:0
[ 8817467ms] [WARNING] dropdown-toggle is now deprecated. Use uib-dropdown-toggle instead. @ https://app.lexware-sandbox.de/grld/js/deps.js?v=0874a5f4cff:0
[ 8817468ms] [WARNING] dropdown-menu is now deprecated. Use uib-dropdown-menu instead. @ https://app.lexware-sandbox.de/grld/js/deps.js?v=0874a5f4cff:0
[ 8817468ms] [WARNING] dropdown is now deprecated. Use uib-dropdown instead. @ https://app.lexware-sandbox.de/grld/js/deps.js?v=0874a5f4cff:0
[ 8817468ms] [WARNING] DropdownController is now deprecated. Use UibDropdownController instead. @ https://app.lexware-sandbox.de/grld/js/deps.js?v=0874a5f4cff:0
[ 8817468ms] [WARNING] dropdown-toggle is now deprecated. Use uib-dropdown-toggle instead. @ https://app.lexware-sandbox.de/grld/js/deps.js?v=0874a5f4cff:0
[ 8817468ms] [WARNING] dropdown-menu is now deprecated. Use uib-dropdown-menu instead. @ https://app.lexware-sandbox.de/grld/js/deps.js?v=0874a5f4cff:0
[ 8817468ms] [WARNING] dropdown is now deprecated. Use uib-dropdown instead. @ https://app.lexware-sandbox.de/grld/js/deps.js?v=0874a5f4cff:0
[ 8818527ms] [WARNING] DropdownController is now deprecated. Use UibDropdownController instead. @ https://app.lexware-sandbox.de/grld/js/deps.js?v=0874a5f4cff:0
[ 8818527ms] [WARNING] dropdown-toggle is now deprecated. Use uib-dropdown-toggle instead. @ https://app.lexware-sandbox.de/grld/js/deps.js?v=0874a5f4cff:0
[ 8818527ms] [WARNING] dropdown-menu is now deprecated. Use uib-dropdown-menu instead. @ https://app.lexware-sandbox.de/grld/js/deps.js?v=0874a5f4cff:0
[ 8818527ms] [WARNING] dropdown is now deprecated. Use uib-dropdown instead. @ https://app.lexware-sandbox.de/grld/js/deps.js?v=0874a5f4cff:0
[ 8818527ms] [WARNING] DropdownController is now deprecated. Use UibDropdownController instead. @ https://app.lexware-sandbox.de/grld/js/deps.js?v=0874a5f4cff:0
[ 8818527ms] [WARNING] dropdown-toggle is now deprecated. Use uib-dropdown-toggle instead. @ https://app.lexware-sandbox.de/grld/js/deps.js?v=0874a5f4cff:0
[ 8818528ms] [WARNING] dropdown-menu is now deprecated. Use uib-dropdown-menu instead. @ https://app.lexware-sandbox.de/grld/js/deps.js?v=0874a5f4cff:0
[ 8818528ms] [WARNING] dropdown is now deprecated. Use uib-dropdown instead. @ https://app.lexware-sandbox.de/grld/js/deps.js?v=0874a5f4cff:0
[ 8818528ms] [WARNING] DropdownController is now deprecated. Use UibDropdownController instead. @ https://app.lexware-sandbox.de/grld/js/deps.js?v=0874a5f4cff:0
[ 8818528ms] [WARNING] dropdown-toggle is now deprecated. Use uib-dropdown-toggle instead. @ https://app.lexware-sandbox.de/grld/js/deps.js?v=0874a5f4cff:0
[ 8818528ms] [WARNING] dropdown-menu is now deprecated. Use uib-dropdown-menu instead. @ https://app.lexware-sandbox.de/grld/js/deps.js?v=0874a5f4cff:0
[ 8818528ms] [WARNING] dropdown is now deprecated. Use uib-dropdown instead. @ https://app.lexware-sandbox.de/grld/js/deps.js?v=0874a5f4cff:0
[ 8818528ms] [WARNING] DropdownController is now deprecated. Use UibDropdownController instead. @ https://app.lexware-sandbox.de/grld/js/deps.js?v=0874a5f4cff:0
[ 8818528ms] [WARNING] dropdown-toggle is now deprecated. Use uib-dropdown-toggle instead. @ https://app.lexware-sandbox.de/grld/js/deps.js?v=0874a5f4cff:0
[ 8818529ms] [WARNING] dropdown-menu is now deprecated. Use uib-dropdown-menu instead. @ https://app.lexware-sandbox.de/grld/js/deps.js?v=0874a5f4cff:0
[ 8818529ms] [WARNING] dropdown is now deprecated. Use uib-dropdown instead. @ https://app.lexware-sandbox.de/grld/js/deps.js?v=0874a5f4cff:0
[ 8818529ms] [WARNING] DropdownController is now deprecated. Use UibDropdownController instead. @ https://app.lexware-sandbox.de/grld/js/deps.js?v=0874a5f4cff:0
[ 8818529ms] [WARNING] dropdown-toggle is now deprecated. Use uib-dropdown-toggle instead. @ https://app.lexware-sandbox.de/grld/js/deps.js?v=0874a5f4cff:0
[ 8818529ms] [WARNING] dropdown-menu is now deprecated. Use uib-dropdown-menu instead. @ https://app.lexware-sandbox.de/grld/js/deps.js?v=0874a5f4cff:0
[ 8818529ms] [WARNING] dropdown is now deprecated. Use uib-dropdown instead. @ https://app.lexware-sandbox.de/grld/js/deps.js?v=0874a5f4cff:0
[ 8819411ms] [WARNING] DropdownController is now deprecated. Use UibDropdownController instead. @ https://app.lexware-sandbox.de/grld/js/deps.js?v=0874a5f4cff:0
[ 8819411ms] [WARNING] dropdown-toggle is now deprecated. Use uib-dropdown-toggle instead. @ https://app.lexware-sandbox.de/grld/js/deps.js?v=0874a5f4cff:0
[ 8819411ms] [WARNING] dropdown-menu is now deprecated. Use uib-dropdown-menu instead. @ https://app.lexware-sandbox.de/grld/js/deps.js?v=0874a5f4cff:0
[ 8819411ms] [WARNING] dropdown is now deprecated. Use uib-dropdown instead. @ https://app.lexware-sandbox.de/grld/js/deps.js?v=0874a5f4cff:0
[ 8819411ms] [WARNING] DropdownController is now deprecated. Use UibDropdownController instead. @ https://app.lexware-sandbox.de/grld/js/deps.js?v=0874a5f4cff:0
[ 8819411ms] [WARNING] dropdown-toggle is now deprecated. Use uib-dropdown-toggle instead. @ https://app.lexware-sandbox.de/grld/js/deps.js?v=0874a5f4cff:0
[ 8819411ms] [WARNING] dropdown-menu is now deprecated. Use uib-dropdown-menu instead. @ https://app.lexware-sandbox.de/grld/js/deps.js?v=0874a5f4cff:0
[ 8819411ms] [WARNING] dropdown is now deprecated. Use uib-dropdown instead. @ https://app.lexware-sandbox.de/grld/js/deps.js?v=0874a5f4cff:0
[ 8819411ms] [WARNING] DropdownController is now deprecated. Use UibDropdownController instead. @ https://app.lexware-sandbox.de/grld/js/deps.js?v=0874a5f4cff:0
[ 8819411ms] [WARNING] dropdown-toggle is now deprecated. Use uib-dropdown-toggle instead. @ https://app.lexware-sandbox.de/grld/js/deps.js?v=0874a5f4cff:0
[ 8819411ms] [WARNING] dropdown-menu is now deprecated. Use uib-dropdown-menu instead. @ https://app.lexware-sandbox.de/grld/js/deps.js?v=0874a5f4cff:0
[ 8819412ms] [WARNING] dropdown is now deprecated. Use uib-dropdown instead. @ https://app.lexware-sandbox.de/grld/js/deps.js?v=0874a5f4cff:0
[ 8819412ms] [WARNING] DropdownController is now deprecated. Use UibDropdownController instead. @ https://app.lexware-sandbox.de/grld/js/deps.js?v=0874a5f4cff:0
[ 8819412ms] [WARNING] dropdown-toggle is now deprecated. Use uib-dropdown-toggle instead. @ https://app.lexware-sandbox.de/grld/js/deps.js?v=0874a5f4cff:0
[ 8819412ms] [WARNING] dropdown-menu is now deprecated. Use uib-dropdown-menu instead. @ https://app.lexware-sandbox.de/grld/js/deps.js?v=0874a5f4cff:0
[ 8819412ms] [WARNING] dropdown is now deprecated. Use uib-dropdown instead. @ https://app.lexware-sandbox.de/grld/js/deps.js?v=0874a5f4cff:0
[ 8819412ms] [WARNING] DropdownController is now deprecated. Use UibDropdownController instead. @ https://app.lexware-sandbox.de/grld/js/deps.js?v=0874a5f4cff:0
[ 8819412ms] [WARNING] dropdown-toggle is now deprecated. Use uib-dropdown-toggle instead. @ https://app.lexware-sandbox.de/grld/js/deps.js?v=0874a5f4cff:0
[ 8819412ms] [WARNING] dropdown-menu is now deprecated. Use uib-dropdown-menu instead. @ https://app.lexware-sandbox.de/grld/js/deps.js?v=0874a5f4cff:0
[ 8819412ms] [WARNING] dropdown is now deprecated. Use uib-dropdown instead. @ https://app.lexware-sandbox.de/grld/js/deps.js?v=0874a5f4cff:0
[ 8819412ms] [WARNING] DropdownController is now deprecated. Use UibDropdownController instead. @ https://app.lexware-sandbox.de/grld/js/deps.js?v=0874a5f4cff:0
[ 8819412ms] [WARNING] dropdown-toggle is now deprecated. Use uib-dropdown-toggle instead. @ https://app.lexware-sandbox.de/grld/js/deps.js?v=0874a5f4cff:0
[ 8819412ms] [WARNING] dropdown-menu is now deprecated. Use uib-dropdown-menu instead. @ https://app.lexware-sandbox.de/grld/js/deps.js?v=0874a5f4cff:0
[ 8819412ms] [WARNING] dropdown is now deprecated. Use uib-dropdown instead. @ https://app.lexware-sandbox.de/grld/js/deps.js?v=0874a5f4cff:0
[ 8820162ms] [WARNING] DropdownController is now deprecated. Use UibDropdownController instead. @ https://app.lexware-sandbox.de/grld/js/deps.js?v=0874a5f4cff:0
[ 8820162ms] [WARNING] dropdown-toggle is now deprecated. Use uib-dropdown-toggle instead. @ https://app.lexware-sandbox.de/grld/js/deps.js?v=0874a5f4cff:0
[ 8820162ms] [WARNING] dropdown-menu is now deprecated. Use uib-dropdown-menu instead. @ https://app.lexware-sandbox.de/grld/js/deps.js?v=0874a5f4cff:0
[ 8820162ms] [WARNING] dropdown is now deprecated. Use uib-dropdown instead. @ https://app.lexware-sandbox.de/grld/js/deps.js?v=0874a5f4cff:0
[ 8820162ms] [WARNING] DropdownController is now deprecated. Use UibDropdownController instead. @ https://app.lexware-sandbox.de/grld/js/deps.js?v=0874a5f4cff:0
[ 8820162ms] [WARNING] dropdown-toggle is now deprecated. Use uib-dropdown-toggle instead. @ https://app.lexware-sandbox.de/grld/js/deps.js?v=0874a5f4cff:0
[ 8820162ms] [WARNING] dropdown-menu is now deprecated. Use uib-dropdown-menu instead. @ https://app.lexware-sandbox.de/grld/js/deps.js?v=0874a5f4cff:0
[ 8820162ms] [WARNING] dropdown is now deprecated. Use uib-dropdown instead. @ https://app.lexware-sandbox.de/grld/js/deps.js?v=0874a5f4cff:0
[ 8820162ms] [WARNING] DropdownController is now deprecated. Use UibDropdownController instead. @ https://app.lexware-sandbox.de/grld/js/deps.js?v=0874a5f4cff:0
[ 8820162ms] [WARNING] dropdown-toggle is now deprecated. Use uib-dropdown-toggle instead. @ https://app.lexware-sandbox.de/grld/js/deps.js?v=0874a5f4cff:0
[ 8820162ms] [WARNING] dropdown-menu is now deprecated. Use uib-dropdown-menu instead. @ https://app.lexware-sandbox.de/grld/js/deps.js?v=0874a5f4cff:0
[ 8820162ms] [WARNING] dropdown is now deprecated. Use uib-dropdown instead. @ https://app.lexware-sandbox.de/grld/js/deps.js?v=0874a5f4cff:0
[ 8820162ms] [WARNING] DropdownController is now deprecated. Use UibDropdownController instead. @ https://app.lexware-sandbox.de/grld/js/deps.js?v=0874a5f4cff:0
[ 8820162ms] [WARNING] dropdown-toggle is now deprecated. Use uib-dropdown-toggle instead. @ https://app.lexware-sandbox.de/grld/js/deps.js?v=0874a5f4cff:0
[ 8820162ms] [WARNING] dropdown-menu is now deprecated. Use uib-dropdown-menu instead. @ https://app.lexware-sandbox.de/grld/js/deps.js?v=0874a5f4cff:0
[ 8820162ms] [WARNING] dropdown is now deprecated. Use uib-dropdown instead. @ https://app.lexware-sandbox.de/grld/js/deps.js?v=0874a5f4cff:0
[ 8820162ms] [WARNING] DropdownController is now deprecated. Use UibDropdownController instead. @ https://app.lexware-sandbox.de/grld/js/deps.js?v=0874a5f4cff:0
[ 8820162ms] [WARNING] dropdown-toggle is now deprecated. Use uib-dropdown-toggle instead. @ https://app.lexware-sandbox.de/grld/js/deps.js?v=0874a5f4cff:0
[ 8820162ms] [WARNING] dropdown-menu is now deprecated. Use uib-dropdown-menu instead. @ https://app.lexware-sandbox.de/grld/js/deps.js?v=0874a5f4cff:0
[ 8820162ms] [WARNING] dropdown is now deprecated. Use uib-dropdown instead. @ https://app.lexware-sandbox.de/grld/js/deps.js?v=0874a5f4cff:0
[ 8831246ms] [WARNING] DropdownController is now deprecated. Use UibDropdownController instead. @ https://app.lexware-sandbox.de/grld/js/deps.js?v=0874a5f4cff:0
[ 8831247ms] [WARNING] dropdown-toggle is now deprecated. Use uib-dropdown-toggle instead. @ https://app.lexware-sandbox.de/grld/js/deps.js?v=0874a5f4cff:0
[ 8831247ms] [WARNING] dropdown-menu is now deprecated. Use uib-dropdown-menu instead. @ https://app.lexware-sandbox.de/grld/js/deps.js?v=0874a5f4cff:0
[ 8831247ms] [WARNING] dropdown is now deprecated. Use uib-dropdown instead. @ https://app.lexware-sandbox.de/grld/js/deps.js?v=0874a5f4cff:0
[ 8831247ms] [WARNING] DropdownController is now deprecated. Use UibDropdownController instead. @ https://app.lexware-sandbox.de/grld/js/deps.js?v=0874a5f4cff:0
[ 8831247ms] [WARNING] dropdown-toggle is now deprecated. Use uib-dropdown-toggle instead. @ https://app.lexware-sandbox.de/grld/js/deps.js?v=0874a5f4cff:0
[ 8831247ms] [WARNING] dropdown-menu is now deprecated. Use uib-dropdown-menu instead. @ https://app.lexware-sandbox.de/grld/js/deps.js?v=0874a5f4cff:0
[ 8831247ms] [WARNING] dropdown is now deprecated. Use uib-dropdown instead. @ https://app.lexware-sandbox.de/grld/js/deps.js?v=0874a5f4cff:0
[ 8831247ms] [WARNING] DropdownController is now deprecated. Use UibDropdownController instead. @ https://app.lexware-sandbox.de/grld/js/deps.js?v=0874a5f4cff:0
[ 8831247ms] [WARNING] dropdown-toggle is now deprecated. Use uib-dropdown-toggle instead. @ https://app.lexware-sandbox.de/grld/js/deps.js?v=0874a5f4cff:0
[ 8831247ms] [WARNING] dropdown-menu is now deprecated. Use uib-dropdown-menu instead. @ https://app.lexware-sandbox.de/grld/js/deps.js?v=0874a5f4cff:0
[ 8831247ms] [WARNING] dropdown is now deprecated. Use uib-dropdown instead. @ https://app.lexware-sandbox.de/grld/js/deps.js?v=0874a5f4cff:0
[ 8831247ms] [WARNING] DropdownController is now deprecated. Use UibDropdownController instead. @ https://app.lexware-sandbox.de/grld/js/deps.js?v=0874a5f4cff:0
[ 8831247ms] [WARNING] dropdown-toggle is now deprecated. Use uib-dropdown-toggle instead. @ https://app.lexware-sandbox.de/grld/js/deps.js?v=0874a5f4cff:0
[ 8831247ms] [WARNING] dropdown-menu is now deprecated. Use uib-dropdown-menu instead. @ https://app.lexware-sandbox.de/grld/js/deps.js?v=0874a5f4cff:0
[ 8831247ms] [WARNING] dropdown is now deprecated. Use uib-dropdown instead. @ https://app.lexware-sandbox.de/grld/js/deps.js?v=0874a5f4cff:0
[ 8831247ms] [WARNING] DropdownController is now deprecated. Use UibDropdownController instead. @ https://app.lexware-sandbox.de/grld/js/deps.js?v=0874a5f4cff:0
[ 8831247ms] [WARNING] dropdown-toggle is now deprecated. Use uib-dropdown-toggle instead. @ https://app.lexware-sandbox.de/grld/js/deps.js?v=0874a5f4cff:0
[ 8831247ms] [WARNING] dropdown-menu is now deprecated. Use uib-dropdown-menu instead. @ https://app.lexware-sandbox.de/grld/js/deps.js?v=0874a5f4cff:0
[ 8831247ms] [WARNING] dropdown is now deprecated. Use uib-dropdown instead. @ https://app.lexware-sandbox.de/grld/js/deps.js?v=0874a5f4cff:0
[ 8831247ms] [WARNING] DropdownController is now deprecated. Use UibDropdownController instead. @ https://app.lexware-sandbox.de/grld/js/deps.js?v=0874a5f4cff:0
[ 8831247ms] [WARNING] dropdown-toggle is now deprecated. Use uib-dropdown-toggle instead. @ https://app.lexware-sandbox.de/grld/js/deps.js?v=0874a5f4cff:0
[ 8831247ms] [WARNING] dropdown-menu is now deprecated. Use uib-dropdown-menu instead. @ https://app.lexware-sandbox.de/grld/js/deps.js?v=0874a5f4cff:0
[ 8831247ms] [WARNING] dropdown is now deprecated. Use uib-dropdown instead. @ https://app.lexware-sandbox.de/grld/js/deps.js?v=0874a5f4cff:0
[ 8833024ms] [WARNING] DropdownController is now deprecated. Use UibDropdownController instead. @ https://app.lexware-sandbox.de/grld/js/deps.js?v=0874a5f4cff:0
[ 8833024ms] [WARNING] dropdown-toggle is now deprecated. Use uib-dropdown-toggle instead. @ https://app.lexware-sandbox.de/grld/js/deps.js?v=0874a5f4cff:0
[ 8833024ms] [WARNING] dropdown-menu is now deprecated. Use uib-dropdown-menu instead. @ https://app.lexware-sandbox.de/grld/js/deps.js?v=0874a5f4cff:0
[ 8833024ms] [WARNING] dropdown is now deprecated. Use uib-dropdown instead. @ https://app.lexware-sandbox.de/grld/js/deps.js?v=0874a5f4cff:0
[ 8833024ms] [WARNING] DropdownController is now deprecated. Use UibDropdownController instead. @ https://app.lexware-sandbox.de/grld/js/deps.js?v=0874a5f4cff:0
[ 8833024ms] [WARNING] dropdown-toggle is now deprecated. Use uib-dropdown-toggle instead. @ https://app.lexware-sandbox.de/grld/js/deps.js?v=0874a5f4cff:0
[ 8833024ms] [WARNING] dropdown-menu is now deprecated. Use uib-dropdown-menu instead. @ https://app.lexware-sandbox.de/grld/js/deps.js?v=0874a5f4cff:0
[ 8833024ms] [WARNING] dropdown is now deprecated. Use uib-dropdown instead. @ https://app.lexware-sandbox.de/grld/js/deps.js?v=0874a5f4cff:0
[ 8833024ms] [WARNING] DropdownController is now deprecated. Use UibDropdownController instead. @ https://app.lexware-sandbox.de/grld/js/deps.js?v=0874a5f4cff:0
[ 8833024ms] [WARNING] dropdown-toggle is now deprecated. Use uib-dropdown-toggle instead. @ https://app.lexware-sandbox.de/grld/js/deps.js?v=0874a5f4cff:0
[ 8833024ms] [WARNING] dropdown-menu is now deprecated. Use uib-dropdown-menu instead. @ https://app.lexware-sandbox.de/grld/js/deps.js?v=0874a5f4cff:0
[ 8833024ms] [WARNING] dropdown is now deprecated. Use uib-dropdown instead. @ https://app.lexware-sandbox.de/grld/js/deps.js?v=0874a5f4cff:0
[ 8833024ms] [WARNING] DropdownController is now deprecated. Use UibDropdownController instead. @ https://app.lexware-sandbox.de/grld/js/deps.js?v=0874a5f4cff:0
[ 8833024ms] [WARNING] dropdown-toggle is now deprecated. Use uib-dropdown-toggle instead. @ https://app.lexware-sandbox.de/grld/js/deps.js?v=0874a5f4cff:0
[ 8833024ms] [WARNING] dropdown-menu is now deprecated. Use uib-dropdown-menu instead. @ https://app.lexware-sandbox.de/grld/js/deps.js?v=0874a5f4cff:0
[ 8833024ms] [WARNING] dropdown is now deprecated. Use uib-dropdown instead. @ https://app.lexware-sandbox.de/grld/js/deps.js?v=0874a5f4cff:0
[ 8833024ms] [WARNING] DropdownController is now deprecated. Use UibDropdownController instead. @ https://app.lexware-sandbox.de/grld/js/deps.js?v=0874a5f4cff:0
[ 8833024ms] [WARNING] dropdown-toggle is now deprecated. Use uib-dropdown-toggle instead. @ https://app.lexware-sandbox.de/grld/js/deps.js?v=0874a5f4cff:0
[ 8833024ms] [WARNING] dropdown-menu is now deprecated. Use uib-dropdown-menu instead. @ https://app.lexware-sandbox.de/grld/js/deps.js?v=0874a5f4cff:0
[ 8833024ms] [WARNING] dropdown is now deprecated. Use uib-dropdown instead. @ https://app.lexware-sandbox.de/grld/js/deps.js?v=0874a5f4cff:0
[ 8837689ms] [WARNING] DropdownController is now deprecated. Use UibDropdownController instead. @ https://app.lexware-sandbox.de/grld/js/deps.js?v=0874a5f4cff:0
[ 8837689ms] [WARNING] dropdown-toggle is now deprecated. Use uib-dropdown-toggle instead. @ https://app.lexware-sandbox.de/grld/js/deps.js?v=0874a5f4cff:0
[ 8837689ms] [WARNING] dropdown-menu is now deprecated. Use uib-dropdown-menu instead. @ https://app.lexware-sandbox.de/grld/js/deps.js?v=0874a5f4cff:0
[ 8837689ms] [WARNING] dropdown is now deprecated. Use uib-dropdown instead. @ https://app.lexware-sandbox.de/grld/js/deps.js?v=0874a5f4cff:0
[ 8837689ms] [WARNING] DropdownController is now deprecated. Use UibDropdownController instead. @ https://app.lexware-sandbox.de/grld/js/deps.js?v=0874a5f4cff:0
[ 8837690ms] [WARNING] dropdown-toggle is now deprecated. Use uib-dropdown-toggle instead. @ https://app.lexware-sandbox.de/grld/js/deps.js?v=0874a5f4cff:0
[ 8837690ms] [WARNING] dropdown-menu is now deprecated. Use uib-dropdown-menu instead. @ https://app.lexware-sandbox.de/grld/js/deps.js?v=0874a5f4cff:0
[ 8837690ms] [WARNING] dropdown is now deprecated. Use uib-dropdown instead. @ https://app.lexware-sandbox.de/grld/js/deps.js?v=0874a5f4cff:0
[ 8837690ms] [WARNING] DropdownController is now deprecated. Use UibDropdownController instead. @ https://app.lexware-sandbox.de/grld/js/deps.js?v=0874a5f4cff:0
[ 8837690ms] [WARNING] dropdown-toggle is now deprecated. Use uib-dropdown-toggle instead. @ https://app.lexware-sandbox.de/grld/js/deps.js?v=0874a5f4cff:0
[ 8837690ms] [WARNING] dropdown-menu is now deprecated. Use uib-dropdown-menu instead. @ https://app.lexware-sandbox.de/grld/js/deps.js?v=0874a5f4cff:0
[ 8837690ms] [WARNING] dropdown is now deprecated. Use uib-dropdown instead. @ https://app.lexware-sandbox.de/grld/js/deps.js?v=0874a5f4cff:0
[ 8837690ms] [WARNING] DropdownController is now deprecated. Use UibDropdownController instead. @ https://app.lexware-sandbox.de/grld/js/deps.js?v=0874a5f4cff:0
[ 8837690ms] [WARNING] dropdown-toggle is now deprecated. Use uib-dropdown-toggle instead. @ https://app.lexware-sandbox.de/grld/js/deps.js?v=0874a5f4cff:0
[ 8837690ms] [WARNING] dropdown-menu is now deprecated. Use uib-dropdown-menu instead. @ https://app.lexware-sandbox.de/grld/js/deps.js?v=0874a5f4cff:0
[ 8837690ms] [WARNING] dropdown is now deprecated. Use uib-dropdown instead. @ https://app.lexware-sandbox.de/grld/js/deps.js?v=0874a5f4cff:0
[ 8837690ms] [WARNING] DropdownController is now deprecated. Use UibDropdownController instead. @ https://app.lexware-sandbox.de/grld/js/deps.js?v=0874a5f4cff:0
[ 8837690ms] [WARNING] dropdown-toggle is now deprecated. Use uib-dropdown-toggle instead. @ https://app.lexware-sandbox.de/grld/js/deps.js?v=0874a5f4cff:0
[ 8837690ms] [WARNING] dropdown-menu is now deprecated. Use uib-dropdown-menu instead. @ https://app.lexware-sandbox.de/grld/js/deps.js?v=0874a5f4cff:0
[ 8837690ms] [WARNING] dropdown is now deprecated. Use uib-dropdown instead. @ https://app.lexware-sandbox.de/grld/js/deps.js?v=0874a5f4cff:0
[ 8837690ms] [WARNING] DropdownController is now deprecated. Use UibDropdownController instead. @ https://app.lexware-sandbox.de/grld/js/deps.js?v=0874a5f4cff:0
[ 8837690ms] [WARNING] dropdown-toggle is now deprecated. Use uib-dropdown-toggle instead. @ https://app.lexware-sandbox.de/grld/js/deps.js?v=0874a5f4cff:0
[ 8837690ms] [WARNING] dropdown-menu is now deprecated. Use uib-dropdown-menu instead. @ https://app.lexware-sandbox.de/grld/js/deps.js?v=0874a5f4cff:0
[ 8837690ms] [WARNING] dropdown is now deprecated. Use uib-dropdown instead. @ https://app.lexware-sandbox.de/grld/js/deps.js?v=0874a5f4cff:0
[ 8838443ms] [WARNING] DropdownController is now deprecated. Use UibDropdownController instead. @ https://app.lexware-sandbox.de/grld/js/deps.js?v=0874a5f4cff:0
[ 8838443ms] [WARNING] dropdown-toggle is now deprecated. Use uib-dropdown-toggle instead. @ https://app.lexware-sandbox.de/grld/js/deps.js?v=0874a5f4cff:0
[ 8838444ms] [WARNING] dropdown-menu is now deprecated. Use uib-dropdown-menu instead. @ https://app.lexware-sandbox.de/grld/js/deps.js?v=0874a5f4cff:0
[ 8838444ms] [WARNING] dropdown is now deprecated. Use uib-dropdown instead. @ https://app.lexware-sandbox.de/grld/js/deps.js?v=0874a5f4cff:0
[ 8838444ms] [WARNING] DropdownController is now deprecated. Use UibDropdownController instead. @ https://app.lexware-sandbox.de/grld/js/deps.js?v=0874a5f4cff:0
[ 8838444ms] [WARNING] dropdown-toggle is now deprecated. Use uib-dropdown-toggle instead. @ https://app.lexware-sandbox.de/grld/js/deps.js?v=0874a5f4cff:0
[ 8838445ms] [WARNING] dropdown-menu is now deprecated. Use uib-dropdown-menu instead. @ https://app.lexware-sandbox.de/grld/js/deps.js?v=0874a5f4cff:0
[ 8838445ms] [WARNING] dropdown is now deprecated. Use uib-dropdown instead. @ https://app.lexware-sandbox.de/grld/js/deps.js?v=0874a5f4cff:0
[ 8838445ms] [WARNING] DropdownController is now deprecated. Use UibDropdownController instead. @ https://app.lexware-sandbox.de/grld/js/deps.js?v=0874a5f4cff:0
[ 8838445ms] [WARNING] dropdown-toggle is now deprecated. Use uib-dropdown-toggle instead. @ https://app.lexware-sandbox.de/grld/js/deps.js?v=0874a5f4cff:0
[ 8838445ms] [WARNING] dropdown-menu is now deprecated. Use uib-dropdown-menu instead. @ https://app.lexware-sandbox.de/grld/js/deps.js?v=0874a5f4cff:0
[ 8838445ms] [WARNING] dropdown is now deprecated. Use uib-dropdown instead. @ https://app.lexware-sandbox.de/grld/js/deps.js?v=0874a5f4cff:0
[ 8838446ms] [WARNING] DropdownController is now deprecated. Use UibDropdownController instead. @ https://app.lexware-sandbox.de/grld/js/deps.js?v=0874a5f4cff:0
[ 8838446ms] [WARNING] dropdown-toggle is now deprecated. Use uib-dropdown-toggle instead. @ https://app.lexware-sandbox.de/grld/js/deps.js?v=0874a5f4cff:0
[ 8838446ms] [WARNING] dropdown-menu is now deprecated. Use uib-dropdown-menu instead. @ https://app.lexware-sandbox.de/grld/js/deps.js?v=0874a5f4cff:0
[ 8838446ms] [WARNING] dropdown is now deprecated. Use uib-dropdown instead. @ https://app.lexware-sandbox.de/grld/js/deps.js?v=0874a5f4cff:0
[ 8838446ms] [WARNING] DropdownController is now deprecated. Use UibDropdownController instead. @ https://app.lexware-sandbox.de/grld/js/deps.js?v=0874a5f4cff:0
[ 8838446ms] [WARNING] dropdown-toggle is now deprecated. Use uib-dropdown-toggle instead. @ https://app.lexware-sandbox.de/grld/js/deps.js?v=0874a5f4cff:0
[ 8838447ms] [WARNING] dropdown-menu is now deprecated. Use uib-dropdown-menu instead. @ https://app.lexware-sandbox.de/grld/js/deps.js?v=0874a5f4cff:0
[ 8838447ms] [WARNING] dropdown is now deprecated. Use uib-dropdown instead. @ https://app.lexware-sandbox.de/grld/js/deps.js?v=0874a5f4cff:0
[ 8900613ms] [WARNING] DropdownController is now deprecated. Use UibDropdownController instead. @ https://app.lexware-sandbox.de/grld/js/deps.js?v=0874a5f4cff:0
[ 8900613ms] [WARNING] dropdown-toggle is now deprecated. Use uib-dropdown-toggle instead. @ https://app.lexware-sandbox.de/grld/js/deps.js?v=0874a5f4cff:0
[ 8900613ms] [WARNING] dropdown-menu is now deprecated. Use uib-dropdown-menu instead. @ https://app.lexware-sandbox.de/grld/js/deps.js?v=0874a5f4cff:0
[ 8900613ms] [WARNING] dropdown is now deprecated. Use uib-dropdown instead. @ https://app.lexware-sandbox.de/grld/js/deps.js?v=0874a5f4cff:0
[ 8900613ms] [WARNING] DropdownController is now deprecated. Use UibDropdownController instead. @ https://app.lexware-sandbox.de/grld/js/deps.js?v=0874a5f4cff:0
[ 8900613ms] [WARNING] dropdown-toggle is now deprecated. Use uib-dropdown-toggle instead. @ https://app.lexware-sandbox.de/grld/js/deps.js?v=0874a5f4cff:0
[ 8900613ms] [WARNING] dropdown-menu is now deprecated. Use uib-dropdown-menu instead. @ https://app.lexware-sandbox.de/grld/js/deps.js?v=0874a5f4cff:0
[ 8900613ms] [WARNING] dropdown is now deprecated. Use uib-dropdown instead. @ https://app.lexware-sandbox.de/grld/js/deps.js?v=0874a5f4cff:0
[ 8900614ms] [WARNING] DropdownController is now deprecated. Use UibDropdownController instead. @ https://app.lexware-sandbox.de/grld/js/deps.js?v=0874a5f4cff:0
[ 8900614ms] [WARNING] dropdown-toggle is now deprecated. Use uib-dropdown-toggle instead. @ https://app.lexware-sandbox.de/grld/js/deps.js?v=0874a5f4cff:0
[ 8900614ms] [WARNING] dropdown-menu is now deprecated. Use uib-dropdown-menu instead. @ https://app.lexware-sandbox.de/grld/js/deps.js?v=0874a5f4cff:0
[ 8900614ms] [WARNING] dropdown is now deprecated. Use uib-dropdown instead. @ https://app.lexware-sandbox.de/grld/js/deps.js?v=0874a5f4cff:0
[ 8900614ms] [WARNING] DropdownController is now deprecated. Use UibDropdownController instead. @ https://app.lexware-sandbox.de/grld/js/deps.js?v=0874a5f4cff:0
[ 8900614ms] [WARNING] dropdown-toggle is now deprecated. Use uib-dropdown-toggle instead. @ https://app.lexware-sandbox.de/grld/js/deps.js?v=0874a5f4cff:0
[ 8900614ms] [WARNING] dropdown-menu is now deprecated. Use uib-dropdown-menu instead. @ https://app.lexware-sandbox.de/grld/js/deps.js?v=0874a5f4cff:0
[ 8900614ms] [WARNING] dropdown is now deprecated. Use uib-dropdown instead. @ https://app.lexware-sandbox.de/grld/js/deps.js?v=0874a5f4cff:0
[ 8900614ms] [WARNING] DropdownController is now deprecated. Use UibDropdownController instead. @ https://app.lexware-sandbox.de/grld/js/deps.js?v=0874a5f4cff:0
[ 8900614ms] [WARNING] dropdown-toggle is now deprecated. Use uib-dropdown-toggle instead. @ https://app.lexware-sandbox.de/grld/js/deps.js?v=0874a5f4cff:0
[ 8900614ms] [WARNING] dropdown-menu is now deprecated. Use uib-dropdown-menu instead. @ https://app.lexware-sandbox.de/grld/js/deps.js?v=0874a5f4cff:0
[ 8900614ms] [WARNING] dropdown is now deprecated. Use uib-dropdown instead. @ https://app.lexware-sandbox.de/grld/js/deps.js?v=0874a5f4cff:0
[ 8900614ms] [WARNING] DropdownController is now deprecated. Use UibDropdownController instead. @ https://app.lexware-sandbox.de/grld/js/deps.js?v=0874a5f4cff:0
[ 8900614ms] [WARNING] dropdown-toggle is now deprecated. Use uib-dropdown-toggle instead. @ https://app.lexware-sandbox.de/grld/js/deps.js?v=0874a5f4cff:0
[ 8900614ms] [WARNING] dropdown-menu is now deprecated. Use uib-dropdown-menu instead. @ https://app.lexware-sandbox.de/grld/js/deps.js?v=0874a5f4cff:0
[ 8900614ms] [WARNING] dropdown is now deprecated. Use uib-dropdown instead. @ https://app.lexware-sandbox.de/grld/js/deps.js?v=0874a5f4cff:0
[ 8901892ms] [WARNING] DropdownController is now deprecated. Use UibDropdownController instead. @ https://app.lexware-sandbox.de/grld/js/deps.js?v=0874a5f4cff:0
[ 8901892ms] [WARNING] dropdown-toggle is now deprecated. Use uib-dropdown-toggle instead. @ https://app.lexware-sandbox.de/grld/js/deps.js?v=0874a5f4cff:0
[ 8901893ms] [WARNING] dropdown-menu is now deprecated. Use uib-dropdown-menu instead. @ https://app.lexware-sandbox.de/grld/js/deps.js?v=0874a5f4cff:0
[ 8901893ms] [WARNING] dropdown is now deprecated. Use uib-dropdown instead. @ https://app.lexware-sandbox.de/grld/js/deps.js?v=0874a5f4cff:0
[ 8901893ms] [WARNING] DropdownController is now deprecated. Use UibDropdownController instead. @ https://app.lexware-sandbox.de/grld/js/deps.js?v=0874a5f4cff:0
[ 8901893ms] [WARNING] dropdown-toggle is now deprecated. Use uib-dropdown-toggle instead. @ https://app.lexware-sandbox.de/grld/js/deps.js?v=0874a5f4cff:0
[ 8901893ms] [WARNING] dropdown-menu is now deprecated. Use uib-dropdown-menu instead. @ https://app.lexware-sandbox.de/grld/js/deps.js?v=0874a5f4cff:0
[ 8901893ms] [WARNING] dropdown is now deprecated. Use uib-dropdown instead. @ https://app.lexware-sandbox.de/grld/js/deps.js?v=0874a5f4cff:0
[ 8901893ms] [WARNING] DropdownController is now deprecated. Use UibDropdownController instead. @ https://app.lexware-sandbox.de/grld/js/deps.js?v=0874a5f4cff:0
[ 8901893ms] [WARNING] dropdown-toggle is now deprecated. Use uib-dropdown-toggle instead. @ https://app.lexware-sandbox.de/grld/js/deps.js?v=0874a5f4cff:0
[ 8901893ms] [WARNING] dropdown-menu is now deprecated. Use uib-dropdown-menu instead. @ https://app.lexware-sandbox.de/grld/js/deps.js?v=0874a5f4cff:0
[ 8901893ms] [WARNING] dropdown is now deprecated. Use uib-dropdown instead. @ https://app.lexware-sandbox.de/grld/js/deps.js?v=0874a5f4cff:0
[ 8901893ms] [WARNING] DropdownController is now deprecated. Use UibDropdownController instead. @ https://app.lexware-sandbox.de/grld/js/deps.js?v=0874a5f4cff:0
[ 8901893ms] [WARNING] dropdown-toggle is now deprecated. Use uib-dropdown-toggle instead. @ https://app.lexware-sandbox.de/grld/js/deps.js?v=0874a5f4cff:0
[ 8901893ms] [WARNING] dropdown-menu is now deprecated. Use uib-dropdown-menu instead. @ https://app.lexware-sandbox.de/grld/js/deps.js?v=0874a5f4cff:0
[ 8901894ms] [WARNING] dropdown is now deprecated. Use uib-dropdown instead. @ https://app.lexware-sandbox.de/grld/js/deps.js?v=0874a5f4cff:0
[ 8901894ms] [WARNING] DropdownController is now deprecated. Use UibDropdownController instead. @ https://app.lexware-sandbox.de/grld/js/deps.js?v=0874a5f4cff:0
[ 8901894ms] [WARNING] dropdown-toggle is now deprecated. Use uib-dropdown-toggle instead. @ https://app.lexware-sandbox.de/grld/js/deps.js?v=0874a5f4cff:0
[ 8901894ms] [WARNING] dropdown-menu is now deprecated. Use uib-dropdown-menu instead. @ https://app.lexware-sandbox.de/grld/js/deps.js?v=0874a5f4cff:0
[ 8901894ms] [WARNING] dropdown is now deprecated. Use uib-dropdown instead. @ https://app.lexware-sandbox.de/grld/js/deps.js?v=0874a5f4cff:0
[ 8902689ms] [WARNING] DropdownController is now deprecated. Use UibDropdownController instead. @ https://app.lexware-sandbox.de/grld/js/deps.js?v=0874a5f4cff:0
[ 8902689ms] [WARNING] dropdown-toggle is now deprecated. Use uib-dropdown-toggle instead. @ https://app.lexware-sandbox.de/grld/js/deps.js?v=0874a5f4cff:0
[ 8902689ms] [WARNING] dropdown-menu is now deprecated. Use uib-dropdown-menu instead. @ https://app.lexware-sandbox.de/grld/js/deps.js?v=0874a5f4cff:0
[ 8902689ms] [WARNING] dropdown is now deprecated. Use uib-dropdown instead. @ https://app.lexware-sandbox.de/grld/js/deps.js?v=0874a5f4cff:0
[ 8902690ms] [WARNING] DropdownController is now deprecated. Use UibDropdownController instead. @ https://app.lexware-sandbox.de/grld/js/deps.js?v=0874a5f4cff:0
[ 8902690ms] [WARNING] dropdown-toggle is now deprecated. Use uib-dropdown-toggle instead. @ https://app.lexware-sandbox.de/grld/js/deps.js?v=0874a5f4cff:0
[ 8902690ms] [WARNING] dropdown-menu is now deprecated. Use uib-dropdown-menu instead. @ https://app.lexware-sandbox.de/grld/js/deps.js?v=0874a5f4cff:0
[ 8902690ms] [WARNING] dropdown is now deprecated. Use uib-dropdown instead. @ https://app.lexware-sandbox.de/grld/js/deps.js?v=0874a5f4cff:0
[ 8902690ms] [WARNING] DropdownController is now deprecated. Use UibDropdownController instead. @ https://app.lexware-sandbox.de/grld/js/deps.js?v=0874a5f4cff:0
[ 8902690ms] [WARNING] dropdown-toggle is now deprecated. Use uib-dropdown-toggle instead. @ https://app.lexware-sandbox.de/grld/js/deps.js?v=0874a5f4cff:0
[ 8902690ms] [WARNING] dropdown-menu is now deprecated. Use uib-dropdown-menu instead. @ https://app.lexware-sandbox.de/grld/js/deps.js?v=0874a5f4cff:0
[ 8902690ms] [WARNING] dropdown is now deprecated. Use uib-dropdown instead. @ https://app.lexware-sandbox.de/grld/js/deps.js?v=0874a5f4cff:0
[ 8902690ms] [WARNING] DropdownController is now deprecated. Use UibDropdownController instead. @ https://app.lexware-sandbox.de/grld/js/deps.js?v=0874a5f4cff:0
[ 8902690ms] [WARNING] dropdown-toggle is now deprecated. Use uib-dropdown-toggle instead. @ https://app.lexware-sandbox.de/grld/js/deps.js?v=0874a5f4cff:0
[ 8902690ms] [WARNING] dropdown-menu is now deprecated. Use uib-dropdown-menu instead. @ https://app.lexware-sandbox.de/grld/js/deps.js?v=0874a5f4cff:0
[ 8902690ms] [WARNING] dropdown is now deprecated. Use uib-dropdown instead. @ https://app.lexware-sandbox.de/grld/js/deps.js?v=0874a5f4cff:0
[ 8902690ms] [WARNING] DropdownController is now deprecated. Use UibDropdownController instead. @ https://app.lexware-sandbox.de/grld/js/deps.js?v=0874a5f4cff:0
[ 8902690ms] [WARNING] dropdown-toggle is now deprecated. Use uib-dropdown-toggle instead. @ https://app.lexware-sandbox.de/grld/js/deps.js?v=0874a5f4cff:0
[ 8902690ms] [WARNING] dropdown-menu is now deprecated. Use uib-dropdown-menu instead. @ https://app.lexware-sandbox.de/grld/js/deps.js?v=0874a5f4cff:0
[ 8902690ms] [WARNING] dropdown is now deprecated. Use uib-dropdown instead. @ https://app.lexware-sandbox.de/grld/js/deps.js?v=0874a5f4cff:0
[ 8903480ms] [WARNING] DropdownController is now deprecated. Use UibDropdownController instead. @ https://app.lexware-sandbox.de/grld/js/deps.js?v=0874a5f4cff:0
[ 8903480ms] [WARNING] dropdown-toggle is now deprecated. Use uib-dropdown-toggle instead. @ https://app.lexware-sandbox.de/grld/js/deps.js?v=0874a5f4cff:0
[ 8903480ms] [WARNING] dropdown-menu is now deprecated. Use uib-dropdown-menu instead. @ https://app.lexware-sandbox.de/grld/js/deps.js?v=0874a5f4cff:0
[ 8903480ms] [WARNING] dropdown is now deprecated. Use uib-dropdown instead. @ https://app.lexware-sandbox.de/grld/js/deps.js?v=0874a5f4cff:0
[ 8903480ms] [WARNING] DropdownController is now deprecated. Use UibDropdownController instead. @ https://app.lexware-sandbox.de/grld/js/deps.js?v=0874a5f4cff:0
[ 8903480ms] [WARNING] dropdown-toggle is now deprecated. Use uib-dropdown-toggle instead. @ https://app.lexware-sandbox.de/grld/js/deps.js?v=0874a5f4cff:0
[ 8903480ms] [WARNING] dropdown-menu is now deprecated. Use uib-dropdown-menu instead. @ https://app.lexware-sandbox.de/grld/js/deps.js?v=0874a5f4cff:0
[ 8903480ms] [WARNING] dropdown is now deprecated. Use uib-dropdown instead. @ https://app.lexware-sandbox.de/grld/js/deps.js?v=0874a5f4cff:0
[ 8903481ms] [WARNING] DropdownController is now deprecated. Use UibDropdownController instead. @ https://app.lexware-sandbox.de/grld/js/deps.js?v=0874a5f4cff:0
[ 8903481ms] [WARNING] dropdown-toggle is now deprecated. Use uib-dropdown-toggle instead. @ https://app.lexware-sandbox.de/grld/js/deps.js?v=0874a5f4cff:0
[ 8903481ms] [WARNING] dropdown-menu is now deprecated. Use uib-dropdown-menu instead. @ https://app.lexware-sandbox.de/grld/js/deps.js?v=0874a5f4cff:0
[ 8903481ms] [WARNING] dropdown is now deprecated. Use uib-dropdown instead. @ https://app.lexware-sandbox.de/grld/js/deps.js?v=0874a5f4cff:0
[ 8903481ms] [WARNING] DropdownController is now deprecated. Use UibDropdownController instead. @ https://app.lexware-sandbox.de/grld/js/deps.js?v=0874a5f4cff:0
[ 8903481ms] [WARNING] dropdown-toggle is now deprecated. Use uib-dropdown-toggle instead. @ https://app.lexware-sandbox.de/grld/js/deps.js?v=0874a5f4cff:0
[ 8903481ms] [WARNING] dropdown-menu is now deprecated. Use uib-dropdown-menu instead. @ https://app.lexware-sandbox.de/grld/js/deps.js?v=0874a5f4cff:0
[ 8903481ms] [WARNING] dropdown is now deprecated. Use uib-dropdown instead. @ https://app.lexware-sandbox.de/grld/js/deps.js?v=0874a5f4cff:0
[ 8903481ms] [WARNING] DropdownController is now deprecated. Use UibDropdownController instead. @ https://app.lexware-sandbox.de/grld/js/deps.js?v=0874a5f4cff:0
[ 8903481ms] [WARNING] dropdown-toggle is now deprecated. Use uib-dropdown-toggle instead. @ https://app.lexware-sandbox.de/grld/js/deps.js?v=0874a5f4cff:0
[ 8903481ms] [WARNING] dropdown-menu is now deprecated. Use uib-dropdown-menu instead. @ https://app.lexware-sandbox.de/grld/js/deps.js?v=0874a5f4cff:0
[ 8903481ms] [WARNING] dropdown is now deprecated. Use uib-dropdown instead. @ https://app.lexware-sandbox.de/grld/js/deps.js?v=0874a5f4cff:0
[ 8903481ms] [WARNING] DropdownController is now deprecated. Use UibDropdownController instead. @ https://app.lexware-sandbox.de/grld/js/deps.js?v=0874a5f4cff:0
[ 8903481ms] [WARNING] dropdown-toggle is now deprecated. Use uib-dropdown-toggle instead. @ https://app.lexware-sandbox.de/grld/js/deps.js?v=0874a5f4cff:0
[ 8903481ms] [WARNING] dropdown-menu is now deprecated. Use uib-dropdown-menu instead. @ https://app.lexware-sandbox.de/grld/js/deps.js?v=0874a5f4cff:0
[ 8903481ms] [WARNING] dropdown is now deprecated. Use uib-dropdown instead. @ https://app.lexware-sandbox.de/grld/js/deps.js?v=0874a5f4cff:0
[ 8904231ms] [WARNING] DropdownController is now deprecated. Use UibDropdownController instead. @ https://app.lexware-sandbox.de/grld/js/deps.js?v=0874a5f4cff:0
[ 8904232ms] [WARNING] dropdown-toggle is now deprecated. Use uib-dropdown-toggle instead. @ https://app.lexware-sandbox.de/grld/js/deps.js?v=0874a5f4cff:0
[ 8904232ms] [WARNING] dropdown-menu is now deprecated. Use uib-dropdown-menu instead. @ https://app.lexware-sandbox.de/grld/js/deps.js?v=0874a5f4cff:0
[ 8904232ms] [WARNING] dropdown is now deprecated. Use uib-dropdown instead. @ https://app.lexware-sandbox.de/grld/js/deps.js?v=0874a5f4cff:0
[ 8904232ms] [WARNING] DropdownController is now deprecated. Use UibDropdownController instead. @ https://app.lexware-sandbox.de/grld/js/deps.js?v=0874a5f4cff:0
[ 8904232ms] [WARNING] dropdown-toggle is now deprecated. Use uib-dropdown-toggle instead. @ https://app.lexware-sandbox.de/grld/js/deps.js?v=0874a5f4cff:0
[ 8904232ms] [WARNING] dropdown-menu is now deprecated. Use uib-dropdown-menu instead. @ https://app.lexware-sandbox.de/grld/js/deps.js?v=0874a5f4cff:0
[ 8904232ms] [WARNING] dropdown is now deprecated. Use uib-dropdown instead. @ https://app.lexware-sandbox.de/grld/js/deps.js?v=0874a5f4cff:0
[ 8904232ms] [WARNING] DropdownController is now deprecated. Use UibDropdownController instead. @ https://app.lexware-sandbox.de/grld/js/deps.js?v=0874a5f4cff:0
[ 8904232ms] [WARNING] dropdown-toggle is now deprecated. Use uib-dropdown-toggle instead. @ https://app.lexware-sandbox.de/grld/js/deps.js?v=0874a5f4cff:0
[ 8904232ms] [WARNING] dropdown-menu is now deprecated. Use uib-dropdown-menu instead. @ https://app.lexware-sandbox.de/grld/js/deps.js?v=0874a5f4cff:0
[ 8904232ms] [WARNING] dropdown is now deprecated. Use uib-dropdown instead. @ https://app.lexware-sandbox.de/grld/js/deps.js?v=0874a5f4cff:0
[ 8904232ms] [WARNING] DropdownController is now deprecated. Use UibDropdownController instead. @ https://app.lexware-sandbox.de/grld/js/deps.js?v=0874a5f4cff:0
[ 8904233ms] [WARNING] dropdown-toggle is now deprecated. Use uib-dropdown-toggle instead. @ https://app.lexware-sandbox.de/grld/js/deps.js?v=0874a5f4cff:0
[ 8904233ms] [WARNING] dropdown-menu is now deprecated. Use uib-dropdown-menu instead. @ https://app.lexware-sandbox.de/grld/js/deps.js?v=0874a5f4cff:0
[ 8904233ms] [WARNING] dropdown is now deprecated. Use uib-dropdown instead. @ https://app.lexware-sandbox.de/grld/js/deps.js?v=0874a5f4cff:0
[ 8904233ms] [WARNING] DropdownController is now deprecated. Use UibDropdownController instead. @ https://app.lexware-sandbox.de/grld/js/deps.js?v=0874a5f4cff:0
[ 8904233ms] [WARNING] dropdown-toggle is now deprecated. Use uib-dropdown-toggle instead. @ https://app.lexware-sandbox.de/grld/js/deps.js?v=0874a5f4cff:0
[ 8904233ms] [WARNING] dropdown-menu is now deprecated. Use uib-dropdown-menu instead. @ https://app.lexware-sandbox.de/grld/js/deps.js?v=0874a5f4cff:0
[ 8904233ms] [WARNING] dropdown is now deprecated. Use uib-dropdown instead. @ https://app.lexware-sandbox.de/grld/js/deps.js?v=0874a5f4cff:0
[ 8905565ms] [WARNING] DropdownController is now deprecated. Use UibDropdownController instead. @ https://app.lexware-sandbox.de/grld/js/deps.js?v=0874a5f4cff:0
[ 8905565ms] [WARNING] dropdown-toggle is now deprecated. Use uib-dropdown-toggle instead. @ https://app.lexware-sandbox.de/grld/js/deps.js?v=0874a5f4cff:0
[ 8905565ms] [WARNING] dropdown-menu is now deprecated. Use uib-dropdown-menu instead. @ https://app.lexware-sandbox.de/grld/js/deps.js?v=0874a5f4cff:0
[ 8905565ms] [WARNING] dropdown is now deprecated. Use uib-dropdown instead. @ https://app.lexware-sandbox.de/grld/js/deps.js?v=0874a5f4cff:0
[ 8905565ms] [WARNING] DropdownController is now deprecated. Use UibDropdownController instead. @ https://app.lexware-sandbox.de/grld/js/deps.js?v=0874a5f4cff:0
[ 8905565ms] [WARNING] dropdown-toggle is now deprecated. Use uib-dropdown-toggle instead. @ https://app.lexware-sandbox.de/grld/js/deps.js?v=0874a5f4cff:0
[ 8905566ms] [WARNING] dropdown-menu is now deprecated. Use uib-dropdown-menu instead. @ https://app.lexware-sandbox.de/grld/js/deps.js?v=0874a5f4cff:0
[ 8905566ms] [WARNING] dropdown is now deprecated. Use uib-dropdown instead. @ https://app.lexware-sandbox.de/grld/js/deps.js?v=0874a5f4cff:0
[ 8905566ms] [WARNING] DropdownController is now deprecated. Use UibDropdownController instead. @ https://app.lexware-sandbox.de/grld/js/deps.js?v=0874a5f4cff:0
[ 8905566ms] [WARNING] dropdown-toggle is now deprecated. Use uib-dropdown-toggle instead. @ https://app.lexware-sandbox.de/grld/js/deps.js?v=0874a5f4cff:0
[ 8905566ms] [WARNING] dropdown-menu is now deprecated. Use uib-dropdown-menu instead. @ https://app.lexware-sandbox.de/grld/js/deps.js?v=0874a5f4cff:0
[ 8905566ms] [WARNING] dropdown is now deprecated. Use uib-dropdown instead. @ https://app.lexware-sandbox.de/grld/js/deps.js?v=0874a5f4cff:0
[ 8905566ms] [WARNING] DropdownController is now deprecated. Use UibDropdownController instead. @ https://app.lexware-sandbox.de/grld/js/deps.js?v=0874a5f4cff:0
[ 8905566ms] [WARNING] dropdown-toggle is now deprecated. Use uib-dropdown-toggle instead. @ https://app.lexware-sandbox.de/grld/js/deps.js?v=0874a5f4cff:0
[ 8905566ms] [WARNING] dropdown-menu is now deprecated. Use uib-dropdown-menu instead. @ https://app.lexware-sandbox.de/grld/js/deps.js?v=0874a5f4cff:0
[ 8905566ms] [WARNING] dropdown is now deprecated. Use uib-dropdown instead. @ https://app.lexware-sandbox.de/grld/js/deps.js?v=0874a5f4cff:0
[ 8905566ms] [WARNING] DropdownController is now deprecated. Use UibDropdownController instead. @ https://app.lexware-sandbox.de/grld/js/deps.js?v=0874a5f4cff:0
[ 8905566ms] [WARNING] dropdown-toggle is now deprecated. Use uib-dropdown-toggle instead. @ https://app.lexware-sandbox.de/grld/js/deps.js?v=0874a5f4cff:0
[ 8905566ms] [WARNING] dropdown-menu is now deprecated. Use uib-dropdown-menu instead. @ https://app.lexware-sandbox.de/grld/js/deps.js?v=0874a5f4cff:0
[ 8905566ms] [WARNING] dropdown is now deprecated. Use uib-dropdown instead. @ https://app.lexware-sandbox.de/grld/js/deps.js?v=0874a5f4cff:0
[ 8905566ms] [WARNING] DropdownController is now deprecated. Use UibDropdownController instead. @ https://app.lexware-sandbox.de/grld/js/deps.js?v=0874a5f4cff:0
[ 8905566ms] [WARNING] dropdown-toggle is now deprecated. Use uib-dropdown-toggle instead. @ https://app.lexware-sandbox.de/grld/js/deps.js?v=0874a5f4cff:0
[ 8905566ms] [WARNING] dropdown-menu is now deprecated. Use uib-dropdown-menu instead. @ https://app.lexware-sandbox.de/grld/js/deps.js?v=0874a5f4cff:0
[ 8905566ms] [WARNING] dropdown is now deprecated. Use uib-dropdown instead. @ https://app.lexware-sandbox.de/grld/js/deps.js?v=0874a5f4cff:0
[ 8907004ms] [WARNING] DropdownController is now deprecated. Use UibDropdownController instead. @ https://app.lexware-sandbox.de/grld/js/deps.js?v=0874a5f4cff:0
[ 8907005ms] [WARNING] dropdown-toggle is now deprecated. Use uib-dropdown-toggle instead. @ https://app.lexware-sandbox.de/grld/js/deps.js?v=0874a5f4cff:0
[ 8907005ms] [WARNING] dropdown-menu is now deprecated. Use uib-dropdown-menu instead. @ https://app.lexware-sandbox.de/grld/js/deps.js?v=0874a5f4cff:0
[ 8907005ms] [WARNING] dropdown is now deprecated. Use uib-dropdown instead. @ https://app.lexware-sandbox.de/grld/js/deps.js?v=0874a5f4cff:0
[ 8907005ms] [WARNING] DropdownController is now deprecated. Use UibDropdownController instead. @ https://app.lexware-sandbox.de/grld/js/deps.js?v=0874a5f4cff:0
[ 8907005ms] [WARNING] dropdown-toggle is now deprecated. Use uib-dropdown-toggle instead. @ https://app.lexware-sandbox.de/grld/js/deps.js?v=0874a5f4cff:0
[ 8907005ms] [WARNING] dropdown-menu is now deprecated. Use uib-dropdown-menu instead. @ https://app.lexware-sandbox.de/grld/js/deps.js?v=0874a5f4cff:0
[ 8907005ms] [WARNING] dropdown is now deprecated. Use uib-dropdown instead. @ https://app.lexware-sandbox.de/grld/js/deps.js?v=0874a5f4cff:0
[ 8907005ms] [WARNING] DropdownController is now deprecated. Use UibDropdownController instead. @ https://app.lexware-sandbox.de/grld/js/deps.js?v=0874a5f4cff:0
[ 8907005ms] [WARNING] dropdown-toggle is now deprecated. Use uib-dropdown-toggle instead. @ https://app.lexware-sandbox.de/grld/js/deps.js?v=0874a5f4cff:0
[ 8907005ms] [WARNING] dropdown-menu is now deprecated. Use uib-dropdown-menu instead. @ https://app.lexware-sandbox.de/grld/js/deps.js?v=0874a5f4cff:0
[ 8907005ms] [WARNING] dropdown is now deprecated. Use uib-dropdown instead. @ https://app.lexware-sandbox.de/grld/js/deps.js?v=0874a5f4cff:0
[ 8907005ms] [WARNING] DropdownController is now deprecated. Use UibDropdownController instead. @ https://app.lexware-sandbox.de/grld/js/deps.js?v=0874a5f4cff:0
[ 8907005ms] [WARNING] dropdown-toggle is now deprecated. Use uib-dropdown-toggle instead. @ https://app.lexware-sandbox.de/grld/js/deps.js?v=0874a5f4cff:0
[ 8907005ms] [WARNING] dropdown-menu is now deprecated. Use uib-dropdown-menu instead. @ https://app.lexware-sandbox.de/grld/js/deps.js?v=0874a5f4cff:0
[ 8907005ms] [WARNING] dropdown is now deprecated. Use uib-dropdown instead. @ https://app.lexware-sandbox.de/grld/js/deps.js?v=0874a5f4cff:0
[ 8907005ms] [WARNING] DropdownController is now deprecated. Use UibDropdownController instead. @ https://app.lexware-sandbox.de/grld/js/deps.js?v=0874a5f4cff:0
[ 8907005ms] [WARNING] dropdown-toggle is now deprecated. Use uib-dropdown-toggle instead. @ https://app.lexware-sandbox.de/grld/js/deps.js?v=0874a5f4cff:0
[ 8907005ms] [WARNING] dropdown-menu is now deprecated. Use uib-dropdown-menu instead. @ https://app.lexware-sandbox.de/grld/js/deps.js?v=0874a5f4cff:0
[ 8907005ms] [WARNING] dropdown is now deprecated. Use uib-dropdown instead. @ https://app.lexware-sandbox.de/grld/js/deps.js?v=0874a5f4cff:0
[ 8908000ms] [WARNING] DropdownController is now deprecated. Use UibDropdownController instead. @ https://app.lexware-sandbox.de/grld/js/deps.js?v=0874a5f4cff:0
[ 8908000ms] [WARNING] dropdown-toggle is now deprecated. Use uib-dropdown-toggle instead. @ https://app.lexware-sandbox.de/grld/js/deps.js?v=0874a5f4cff:0
[ 8908000ms] [WARNING] dropdown-menu is now deprecated. Use uib-dropdown-menu instead. @ https://app.lexware-sandbox.de/grld/js/deps.js?v=0874a5f4cff:0
[ 8908000ms] [WARNING] dropdown is now deprecated. Use uib-dropdown instead. @ https://app.lexware-sandbox.de/grld/js/deps.js?v=0874a5f4cff:0
[ 8908000ms] [WARNING] DropdownController is now deprecated. Use UibDropdownController instead. @ https://app.lexware-sandbox.de/grld/js/deps.js?v=0874a5f4cff:0
[ 8908000ms] [WARNING] dropdown-toggle is now deprecated. Use uib-dropdown-toggle instead. @ https://app.lexware-sandbox.de/grld/js/deps.js?v=0874a5f4cff:0
[ 8908000ms] [WARNING] dropdown-menu is now deprecated. Use uib-dropdown-menu instead. @ https://app.lexware-sandbox.de/grld/js/deps.js?v=0874a5f4cff:0
[ 8908000ms] [WARNING] dropdown is now deprecated. Use uib-dropdown instead. @ https://app.lexware-sandbox.de/grld/js/deps.js?v=0874a5f4cff:0
[ 8908000ms] [WARNING] DropdownController is now deprecated. Use UibDropdownController instead. @ https://app.lexware-sandbox.de/grld/js/deps.js?v=0874a5f4cff:0
[ 8908000ms] [WARNING] dropdown-toggle is now deprecated. Use uib-dropdown-toggle instead. @ https://app.lexware-sandbox.de/grld/js/deps.js?v=0874a5f4cff:0
[ 8908000ms] [WARNING] dropdown-menu is now deprecated. Use uib-dropdown-menu instead. @ https://app.lexware-sandbox.de/grld/js/deps.js?v=0874a5f4cff:0
[ 8908001ms] [WARNING] dropdown is now deprecated. Use uib-dropdown instead. @ https://app.lexware-sandbox.de/grld/js/deps.js?v=0874a5f4cff:0
[ 8908001ms] [WARNING] DropdownController is now deprecated. Use UibDropdownController instead. @ https://app.lexware-sandbox.de/grld/js/deps.js?v=0874a5f4cff:0
[ 8908001ms] [WARNING] dropdown-toggle is now deprecated. Use uib-dropdown-toggle instead. @ https://app.lexware-sandbox.de/grld/js/deps.js?v=0874a5f4cff:0
[ 8908001ms] [WARNING] dropdown-menu is now deprecated. Use uib-dropdown-menu instead. @ https://app.lexware-sandbox.de/grld/js/deps.js?v=0874a5f4cff:0
[ 8908001ms] [WARNING] dropdown is now deprecated. Use uib-dropdown instead. @ https://app.lexware-sandbox.de/grld/js/deps.js?v=0874a5f4cff:0
[ 8908001ms] [WARNING] DropdownController is now deprecated. Use UibDropdownController instead. @ https://app.lexware-sandbox.de/grld/js/deps.js?v=0874a5f4cff:0
[ 8908001ms] [WARNING] dropdown-toggle is now deprecated. Use uib-dropdown-toggle instead. @ https://app.lexware-sandbox.de/grld/js/deps.js?v=0874a5f4cff:0
[ 8908001ms] [WARNING] dropdown-menu is now deprecated. Use uib-dropdown-menu instead. @ https://app.lexware-sandbox.de/grld/js/deps.js?v=0874a5f4cff:0
[ 8908001ms] [WARNING] dropdown is now deprecated. Use uib-dropdown instead. @ https://app.lexware-sandbox.de/grld/js/deps.js?v=0874a5f4cff:0
[ 8908001ms] [WARNING] DropdownController is now deprecated. Use UibDropdownController instead. @ https://app.lexware-sandbox.de/grld/js/deps.js?v=0874a5f4cff:0
[ 8908001ms] [WARNING] dropdown-toggle is now deprecated. Use uib-dropdown-toggle instead. @ https://app.lexware-sandbox.de/grld/js/deps.js?v=0874a5f4cff:0
[ 8908001ms] [WARNING] dropdown-menu is now deprecated. Use uib-dropdown-menu instead. @ https://app.lexware-sandbox.de/grld/js/deps.js?v=0874a5f4cff:0
[ 8908001ms] [WARNING] dropdown is now deprecated. Use uib-dropdown instead. @ https://app.lexware-sandbox.de/grld/js/deps.js?v=0874a5f4cff:0
[ 8908752ms] [WARNING] DropdownController is now deprecated. Use UibDropdownController instead. @ https://app.lexware-sandbox.de/grld/js/deps.js?v=0874a5f4cff:0
[ 8908753ms] [WARNING] dropdown-toggle is now deprecated. Use uib-dropdown-toggle instead. @ https://app.lexware-sandbox.de/grld/js/deps.js?v=0874a5f4cff:0
[ 8908753ms] [WARNING] dropdown-menu is now deprecated. Use uib-dropdown-menu instead. @ https://app.lexware-sandbox.de/grld/js/deps.js?v=0874a5f4cff:0
[ 8908753ms] [WARNING] dropdown is now deprecated. Use uib-dropdown instead. @ https://app.lexware-sandbox.de/grld/js/deps.js?v=0874a5f4cff:0
[ 8908753ms] [WARNING] DropdownController is now deprecated. Use UibDropdownController instead. @ https://app.lexware-sandbox.de/grld/js/deps.js?v=0874a5f4cff:0
[ 8908753ms] [WARNING] dropdown-toggle is now deprecated. Use uib-dropdown-toggle instead. @ https://app.lexware-sandbox.de/grld/js/deps.js?v=0874a5f4cff:0
[ 8908754ms] [WARNING] dropdown-menu is now deprecated. Use uib-dropdown-menu instead. @ https://app.lexware-sandbox.de/grld/js/deps.js?v=0874a5f4cff:0
[ 8908754ms] [WARNING] dropdown is now deprecated. Use uib-dropdown instead. @ https://app.lexware-sandbox.de/grld/js/deps.js?v=0874a5f4cff:0
[ 8908754ms] [WARNING] DropdownController is now deprecated. Use UibDropdownController instead. @ https://app.lexware-sandbox.de/grld/js/deps.js?v=0874a5f4cff:0
[ 8908754ms] [WARNING] dropdown-toggle is now deprecated. Use uib-dropdown-toggle instead. @ https://app.lexware-sandbox.de/grld/js/deps.js?v=0874a5f4cff:0
[ 8908754ms] [WARNING] dropdown-menu is now deprecated. Use uib-dropdown-menu instead. @ https://app.lexware-sandbox.de/grld/js/deps.js?v=0874a5f4cff:0
[ 8908754ms] [WARNING] dropdown is now deprecated. Use uib-dropdown instead. @ https://app.lexware-sandbox.de/grld/js/deps.js?v=0874a5f4cff:0
[ 8908755ms] [WARNING] DropdownController is now deprecated. Use UibDropdownController instead. @ https://app.lexware-sandbox.de/grld/js/deps.js?v=0874a5f4cff:0
[ 8908755ms] [WARNING] dropdown-toggle is now deprecated. Use uib-dropdown-toggle instead. @ https://app.lexware-sandbox.de/grld/js/deps.js?v=0874a5f4cff:0
[ 8908755ms] [WARNING] dropdown-menu is now deprecated. Use uib-dropdown-menu instead. @ https://app.lexware-sandbox.de/grld/js/deps.js?v=0874a5f4cff:0
[ 8908755ms] [WARNING] dropdown is now deprecated. Use uib-dropdown instead. @ https://app.lexware-sandbox.de/grld/js/deps.js?v=0874a5f4cff:0
[ 8908755ms] [WARNING] DropdownController is now deprecated. Use UibDropdownController instead. @ https://app.lexware-sandbox.de/grld/js/deps.js?v=0874a5f4cff:0
[ 8908756ms] [WARNING] dropdown-toggle is now deprecated. Use uib-dropdown-toggle instead. @ https://app.lexware-sandbox.de/grld/js/deps.js?v=0874a5f4cff:0
[ 8908756ms] [WARNING] dropdown-menu is now deprecated. Use uib-dropdown-menu instead. @ https://app.lexware-sandbox.de/grld/js/deps.js?v=0874a5f4cff:0
[ 8908756ms] [WARNING] dropdown is now deprecated. Use uib-dropdown instead. @ https://app.lexware-sandbox.de/grld/js/deps.js?v=0874a5f4cff:0
